c:\users\choco2\desktop\oopl2023s-master\material\debug\game.pch
c:\users\choco2\desktop\oopl2023s-master\material\debug\vc141.pdb
c:\users\choco2\desktop\oopl2023s-master\material\debug\vc141.idb
c:\users\choco2\desktop\oopl2023s-master\material\debug\stdafx.obj
c:\users\choco2\desktop\oopl2023s-master\material\debug\game.obj
c:\users\choco2\desktop\oopl2023s-master\material\debug\gamedoc.obj
c:\users\choco2\desktop\oopl2023s-master\material\debug\gameview.obj
c:\users\choco2\desktop\oopl2023s-master\material\debug\mainfrm.obj
c:\users\choco2\desktop\oopl2023s-master\material\debug\mycmovingbitmap.obj
c:\users\choco2\desktop\oopl2023s-master\material\debug\mygame_initialize.obj
c:\users\choco2\desktop\oopl2023s-master\material\debug\mygame_over.obj
c:\users\choco2\desktop\oopl2023s-master\material\debug\mygame_run.obj
c:\users\choco2\desktop\oopl2023s-master\material\debug\audio.obj
c:\users\choco2\desktop\oopl2023s-master\material\debug\gamecore.obj
c:\users\choco2\desktop\oopl2023s-master\material\debug\character.obj
c:\users\choco2\desktop\oopl2023s-master\material\debug\gameutil.obj
c:\users\choco2\desktop\oopl2023s-master\material\debug\game.exe
c:\users\choco2\desktop\oopl2023s-master\material\debug\game.ilk
c:\users\choco2\desktop\oopl2023s-master\material\debug\game.pdb
c:\users\choco2\desktop\oopl2023s-master\material\debug\game.res
c:\users\choco2\desktop\oopl2023s-master\material\.\debug\game.exe
c:\users\choco2\desktop\oopl2023s-master\material\debug\game.tlog\cl.command.1.tlog
c:\users\choco2\desktop\oopl2023s-master\material\debug\game.tlog\cl.read.1.tlog
c:\users\choco2\desktop\oopl2023s-master\material\debug\game.tlog\cl.write.1.tlog
c:\users\choco2\desktop\oopl2023s-master\material\debug\game.tlog\link.command.1.tlog
c:\users\choco2\desktop\oopl2023s-master\material\debug\game.tlog\link.read.1.tlog
c:\users\choco2\desktop\oopl2023s-master\material\debug\game.tlog\link.write.1.tlog
c:\users\choco2\desktop\oopl2023s-master\material\debug\game.tlog\rc.command.1.tlog
c:\users\choco2\desktop\oopl2023s-master\material\debug\game.tlog\rc.read.1.tlog
c:\users\choco2\desktop\oopl2023s-master\material\debug\game.tlog\rc.write.1.tlog
