cl : 命令列 warning D9035: 選項 'Gm' 已被取代，在未來的發行版本中將會移除
  character.cpp
c:\users\choco2\desktop\oopl2023s-master\material\source\game\character.cpp(1): error C2220: 將警告視為錯誤處理 - 沒有產生 'object' 檔案
c:\users\choco2\desktop\oopl2023s-master\material\source\game\character.cpp(1): warning C4828: 檔案包含起始於位移 0x43d 的字元，在目前的來源字元集 (字碼頁 65001) 中不是合法的字元。
c:\users\choco2\desktop\oopl2023s-master\material\source\game\character.cpp(1): warning C4828: 檔案包含起始於位移 0x43e 的字元，在目前的來源字元集 (字碼頁 65001) 中不是合法的字元。
c:\users\choco2\desktop\oopl2023s-master\material\source\game\character.cpp(1): warning C4828: 檔案包含起始於位移 0x442 的字元，在目前的來源字元集 (字碼頁 65001) 中不是合法的字元。
c:\users\choco2\desktop\oopl2023s-master\material\source\game\character.cpp(1): warning C4828: 檔案包含起始於位移 0x443 的字元，在目前的來源字元集 (字碼頁 65001) 中不是合法的字元。
c:\users\choco2\desktop\oopl2023s-master\material\source\game\character.cpp(1): warning C4828: 檔案包含起始於位移 0x60f 的字元，在目前的來源字元集 (字碼頁 65001) 中不是合法的字元。
c:\users\choco2\desktop\oopl2023s-master\material\source\game\character.cpp(1): warning C4828: 檔案包含起始於位移 0x610 的字元，在目前的來源字元集 (字碼頁 65001) 中不是合法的字元。
c:\users\choco2\desktop\oopl2023s-master\material\source\game\character.cpp(1): warning C4828: 檔案包含起始於位移 0x614 的字元，在目前的來源字元集 (字碼頁 65001) 中不是合法的字元。
c:\users\choco2\desktop\oopl2023s-master\material\source\game\character.cpp(1): warning C4828: 檔案包含起始於位移 0x615 的字元，在目前的來源字元集 (字碼頁 65001) 中不是合法的字元。
c:\users\choco2\desktop\oopl2023s-master\material\source\game\character.cpp(1): warning C4828: 檔案包含起始於位移 0x6ae 的字元，在目前的來源字元集 (字碼頁 65001) 中不是合法的字元。
c:\users\choco2\desktop\oopl2023s-master\material\source\game\character.cpp(1): warning C4828: 檔案包含起始於位移 0x6af 的字元，在目前的來源字元集 (字碼頁 65001) 中不是合法的字元。
c:\users\choco2\desktop\oopl2023s-master\material\source\game\character.cpp(1): warning C4828: 檔案包含起始於位移 0x6b3 的字元，在目前的來源字元集 (字碼頁 65001) 中不是合法的字元。
c:\users\choco2\desktop\oopl2023s-master\material\source\game\character.cpp(1): warning C4828: 檔案包含起始於位移 0x6b4 的字元，在目前的來源字元集 (字碼頁 65001) 中不是合法的字元。
c:\users\choco2\desktop\oopl2023s-master\material\source\game\character.cpp(1): warning C4828: 檔案包含起始於位移 0x7be 的字元，在目前的來源字元集 (字碼頁 65001) 中不是合法的字元。
c:\users\choco2\desktop\oopl2023s-master\material\source\game\character.cpp(1): warning C4828: 檔案包含起始於位移 0x7bf 的字元，在目前的來源字元集 (字碼頁 65001) 中不是合法的字元。
c:\users\choco2\desktop\oopl2023s-master\material\source\game\character.cpp(1): warning C4828: 檔案包含起始於位移 0x7c3 的字元，在目前的來源字元集 (字碼頁 65001) 中不是合法的字元。
c:\users\choco2\desktop\oopl2023s-master\material\source\game\character.cpp(1): warning C4828: 檔案包含起始於位移 0x7c4 的字元，在目前的來源字元集 (字碼頁 65001) 中不是合法的字元。
c:\users\choco2\desktop\oopl2023s-master\material\source\game\character.cpp(1): warning C4828: 檔案包含起始於位移 0x975 的字元，在目前的來源字元集 (字碼頁 65001) 中不是合法的字元。
c:\users\choco2\desktop\oopl2023s-master\material\source\game\character.cpp(1): warning C4828: 檔案包含起始於位移 0x976 的字元，在目前的來源字元集 (字碼頁 65001) 中不是合法的字元。
c:\users\choco2\desktop\oopl2023s-master\material\source\game\character.cpp(1): warning C4828: 檔案包含起始於位移 0x97a 的字元，在目前的來源字元集 (字碼頁 65001) 中不是合法的字元。
c:\users\choco2\desktop\oopl2023s-master\material\source\game\character.cpp(1): warning C4828: 檔案包含起始於位移 0x97b 的字元，在目前的來源字元集 (字碼頁 65001) 中不是合法的字元。
c:\users\choco2\desktop\oopl2023s-master\material\source\game\mygame.h(68): error C2504: 'CGameState': 基底類別未定義
c:\users\choco2\desktop\oopl2023s-master\material\source\game\mygame.h(70): error C2061: 語法錯誤: 識別項 'CGame'
c:\users\choco2\desktop\oopl2023s-master\material\source\game\mygame.h(90): error C2504: 'CGameState': 基底類別未定義
c:\users\choco2\desktop\oopl2023s-master\material\source\game\mygame.h(92): error C2061: 語法錯誤: 識別項 'CGame'
c:\users\choco2\desktop\oopl2023s-master\material\source\game\mygame.h(133): error C2504: 'CGameState': 基底類別未定義
c:\users\choco2\desktop\oopl2023s-master\material\source\game\mygame.h(135): error C2061: 語法錯誤: 識別項 'CGame'
  正在產生程式碼...
  正在編譯...
  game.cpp
  正在產生程式碼...
  正在編譯...
  gamecore.cpp
  mygame_run.cpp
  mygame_over.cpp
  mygame_initialize.cpp
  gameView.cpp
  正在產生程式碼...
